<?xml version="1.0" encoding="UTF-8"?>
<!-- Generated by org.testng.reporters.JUnitXMLReporter -->
<testsuite ignored="0" hostname="DESKTOP-8IL510P" failures="0" tests="3" name="Test1" time="0.028" errors="0" timestamp="2022-09-23T02:54:16 IST">
  <testcase classname="reporter.ReporterLog" name="checkReporterLog" time="0.006"/>
  <testcase classname="reporter.ReporterLog" name="testCase3" time="0.001"/>
  <testcase classname="reporter.ReporterLog" name="testCase1" time="0.001"/>
</testsuite> <!-- Test1 -->
