<?xml version="1.0" encoding="UTF-8"?>
<!-- Generated by org.testng.reporters.JUnitXMLReporter -->
<testsuite ignored="3" hostname="DESKTOP-8IL510P" failures="2" tests="2" name="Test" time="0.033" errors="0" timestamp="2022-09-24T02:35:35 IST">
  <testcase classname="groupsCreateExecute.CheckGroups" name="checkTopIcon_TopOffers" time="0.01">
    <failure type="java.lang.NullPointerException" message="Cannot invoke &amp;quot;org.openqa.selenium.WebDriver.findElement(org.openqa.selenium.By)&amp;quot; because &amp;quot;this.driver&amp;quot; is null">
      <![CDATA[java.lang.NullPointerException: Cannot invoke "org.openqa.selenium.WebDriver.findElement(org.openqa.selenium.By)" because "this.driver" is null
at groupsCreateExecute.CheckGroups.checkTopIcon_TopOffers(CheckGroups.java:53)
at java.base/java.util.ArrayList.forEach(ArrayList.java:1511)
... Removed 25 stack frames]]>
    </failure>
  </testcase> <!-- checkTopIcon_TopOffers -->
  <testcase classname="groupsCreateExecute.CheckGroups" name="checkTopIcon_Electronics" time="0.001">
    <failure type="java.lang.NullPointerException" message="Cannot invoke &amp;quot;org.openqa.selenium.WebDriver.findElement(org.openqa.selenium.By)&amp;quot; because &amp;quot;this.driver&amp;quot; is null">
      <![CDATA[java.lang.NullPointerException: Cannot invoke "org.openqa.selenium.WebDriver.findElement(org.openqa.selenium.By)" because "this.driver" is null
at groupsCreateExecute.CheckGroups.checkTopIcon_Electronics(CheckGroups.java:66)
at java.base/java.util.ArrayList.forEach(ArrayList.java:1511)
... Removed 25 stack frames]]>
    </failure>
  </testcase> <!-- checkTopIcon_Electronics -->
  <testcase classname="groupsCreateExecute.CheckGroups" name="verifyUrlOfPage" time="0.0">
    <ignored/>
  </testcase> <!-- verifyUrlOfPage -->
  <testcase classname="groupsCreateExecute.CheckGroups" name="checkTopIcon_Mobiles" time="0.0">
    <ignored/>
  </testcase> <!-- checkTopIcon_Mobiles -->
  <testcase classname="groupsCreateExecute.CheckGroups" name="verifyPageTitle" time="0.0">
    <ignored/>
  </testcase> <!-- verifyPageTitle -->
</testsuite> <!-- Test -->
